{
  "RSpec": {
    "coverage": {
      "/home/sjsaarin/Opiskelu/wadror/app/models/rating.rb": [
        1,
        1,
        1,
        null,
        1,
        null,
        null,
        null,
        2,
        null,
        1,
        25,
        null,
        null
      ],
      "/home/sjsaarin/Opiskelu/wadror/app/helpers/application_helper.rb": [
        1,
        1,
        16,
        12,
        12,
        null,
        12,
        null,
        null,
        null,
        1,
        12,
        null,
        null
      ],
      "/home/sjsaarin/Opiskelu/wadror/app/helpers/beer_clubs_helper.rb": [
        1,
        null
      ],
      "/home/sjsaarin/Opiskelu/wadror/app/helpers/beers_helper.rb": [
        1,
        null
      ],
      "/home/sjsaarin/Opiskelu/wadror/app/helpers/breweries_helper.rb": [
        1,
        null
      ],
      "/home/sjsaarin/Opiskelu/wadror/app/helpers/memberships_helper.rb": [
        1,
        null
      ],
      "/home/sjsaarin/Opiskelu/wadror/app/helpers/users_helper.rb": [
        1,
        null
      ],
      "/home/sjsaarin/Opiskelu/wadror/app/models/beer.rb": [
        1,
        1,
        1,
        null,
        1,
        1,
        1,
        1,
        null,
        1,
        1,
        null,
        1,
        3,
        null,
        null
      ],
      "/home/sjsaarin/Opiskelu/wadror/app/models/concerns/rating_average.rb": [
        1,
        1,
        null,
        1,
        19,
        19,
        null,
        null,
        19,
        null,
        null,
        null
      ],
      "/home/sjsaarin/Opiskelu/wadror/app/models/concerns/top.rb": [
        1,
        1,
        1,
        8,
        3,
        null,
        null
      ],
      "/home/sjsaarin/Opiskelu/wadror/app/models/beer_club.rb": [
        1,
        1,
        1,
        null
      ],
      "/home/sjsaarin/Opiskelu/wadror/app/controllers/beer_clubs_controller.rb": [
        1,
        1,
        1,
        1,
        null,
        null,
        null,
        1,
        0,
        null,
        null,
        null,
        null,
        1,
        0,
        0,
        null,
        0,
        0,
        null,
        null,
        null,
        null,
        1,
        0,
        null,
        null,
        null,
        1,
        null,
        null,
        null,
        null,
        1,
        0,
        null,
        0,
        0,
        0,
        0,
        null,
        0,
        0,
        null,
        null,
        null,
        null,
        null,
        null,
        1,
        0,
        0,
        0,
        0,
        null,
        0,
        0,
        null,
        null,
        null,
        null,
        null,
        null,
        1,
        0,
        0,
        0,
        0,
        null,
        null,
        null,
        1,
        null,
        1,
        0,
        null,
        null,
        null,
        1,
        0,
        null,
        null
      ],
      "/home/sjsaarin/Opiskelu/wadror/app/controllers/application_controller.rb": [
        1,
        null,
        null,
        1,
        null,
        1,
        null,
        1,
        143,
        103,
        null,
        null,
        1,
        4,
        null,
        null,
        1,
        0,
        null,
        null
      ],
      "/home/sjsaarin/Opiskelu/wadror/app/models/brewery.rb": [
        1,
        1,
        1,
        null,
        1,
        1,
        24,
        null,
        4,
        4,
        null,
        1,
        1,
        null,
        1,
        1,
        null,
        null,
        null,
        null,
        null,
        null,
        null
      ],
      "/home/sjsaarin/Opiskelu/wadror/app/models/user.rb": [
        1,
        1,
        1,
        null,
        1,
        null,
        1,
        1,
        1,
        1,
        null,
        1,
        null,
        null,
        1,
        null,
        1,
        null,
        1,
        1,
        null,
        1,
        4,
        3,
        null,
        null,
        1,
        8,
        8,
        null,
        null,
        10,
        null,
        null,
        18,
        null,
        null,
        1,
        8,
        8,
        null,
        null,
        13,
        null,
        null,
        21,
        null,
        null,
        1,
        24,
        null,
        null,
        1,
        24,
        null,
        null,
        1,
        10,
        22,
        null,
        10,
        null,
        null,
        1,
        13,
        29,
        null,
        13,
        null,
        null,
        1,
        2,
        1,
        null,
        null
      ],
      "/home/sjsaarin/Opiskelu/wadror/app/models/style.rb": [
        1,
        1,
        1,
        null,
        1,
        1,
        null,
        1,
        1,
        null,
        null,
        null
      ],
      "/home/sjsaarin/Opiskelu/wadror/app/controllers/sessions_controller.rb": [
        1,
        1,
        null,
        null,
        null,
        1,
        8,
        8,
        7,
        7,
        7,
        null,
        0,
        null,
        null,
        1,
        null,
        null,
        null,
        1,
        null,
        0,
        null,
        0,
        null,
        null
      ],
      "/home/sjsaarin/Opiskelu/wadror/app/controllers/users_controller.rb": [
        1,
        1,
        1,
        null,
        null,
        null,
        1,
        0,
        null,
        null,
        null,
        null,
        1,
        null,
        null,
        null,
        1,
        1,
        null,
        null,
        null,
        1,
        null,
        null,
        null,
        null,
        1,
        1,
        null,
        1,
        1,
        2,
        1,
        null,
        0,
        0,
        null,
        null,
        null,
        null,
        null,
        null,
        1,
        0,
        0,
        0,
        0,
        null,
        0,
        0,
        null,
        null,
        null,
        null,
        null,
        null,
        1,
        0,
        0,
        0,
        null,
        0,
        0,
        0,
        null,
        null,
        null,
        1,
        0,
        0,
        null,
        0,
        null,
        0,
        null,
        null,
        1,
        null,
        1,
        15,
        null,
        null,
        null,
        1,
        1,
        null,
        null
      ],
      "/home/sjsaarin/Opiskelu/wadror/app/models/membership.rb": [
        1,
        1,
        1,
        null
      ],
      "/home/sjsaarin/Opiskelu/wadror/app/controllers/beers_controller.rb": [
        1,
        1,
        1,
        1,
        1,
        null,
        null,
        null,
        null,
        1,
        1,
        null,
        null,
        null,
        null,
        1,
        0,
        0,
        null,
        null,
        null,
        1,
        2,
        null,
        null,
        null,
        1,
        null,
        null,
        null,
        null,
        1,
        2,
        null,
        2,
        2,
        2,
        1,
        null,
        2,
        1,
        null,
        null,
        null,
        null,
        null,
        null,
        1,
        0,
        0,
        0,
        0,
        null,
        0,
        0,
        null,
        null,
        null,
        null,
        null,
        null,
        1,
        0,
        0,
        0,
        0,
        null,
        null,
        null,
        1,
        1,
        4,
        4,
        null,
        null,
        null,
        1,
        0,
        null,
        null,
        null,
        1,
        2,
        null,
        null
      ],
      "/home/sjsaarin/Opiskelu/wadror/app/controllers/breweries_controller.rb": [
        1,
        1,
        1,
        1,
        null,
        null,
        null,
        1,
        3,
        3,
        null,
        null,
        null,
        null,
        1,
        null,
        null,
        null,
        1,
        0,
        null,
        null,
        null,
        1,
        null,
        null,
        null,
        null,
        1,
        0,
        null,
        0,
        0,
        0,
        0,
        null,
        0,
        0,
        null,
        null,
        null,
        null,
        null,
        null,
        1,
        0,
        0,
        0,
        0,
        null,
        0,
        0,
        null,
        null,
        null,
        null,
        null,
        null,
        1,
        0,
        0,
        0,
        0,
        null,
        null,
        null,
        1,
        0,
        0,
        null,
        0,
        null,
        0,
        null,
        null,
        1,
        null,
        null,
        1,
        1,
        null,
        null,
        null,
        1,
        0,
        null,
        null
      ],
      "/home/sjsaarin/Opiskelu/wadror/lib/beermapping_api.rb": [
        1,
        null,
        1,
        5,
        9,
        null,
        null,
        1,
        0,
        null,
        null,
        1,
        null,
        1,
        4,
        null,
        4,
        4,
        null,
        4,
        null,
        3,
        3,
        5,
        null,
        null,
        null,
        1,
        0,
        null,
        0,
        0,
        null,
        0,
        null,
        null,
        null,
        1,
        4,
        4,
        null,
        null
      ],
      "/home/sjsaarin/Opiskelu/wadror/app/models/place.rb": [
        1,
        1,
        null,
        1,
        null,
        1,
        6,
        null,
        null,
        null
      ],
      "/home/sjsaarin/Opiskelu/wadror/app/controllers/places_controller.rb": [
        1,
        null,
        1,
        null,
        1,
        null,
        null,
        1,
        0,
        0,
        null,
        0,
        null,
        null,
        null,
        1,
        3,
        3,
        1,
        null,
        null,
        2,
        null,
        null,
        null,
        1,
        0,
        0,
        0,
        null,
        null,
        null
      ],
      "/home/sjsaarin/Opiskelu/wadror/app/controllers/ratings_controller.rb": [
        1,
        1,
        1,
        1,
        1,
        null,
        null,
        1,
        1,
        1,
        null,
        null,
        1,
        1,
        null,
        1,
        0,
        1,
        1,
        1,
        null,
        0,
        0,
        null,
        null,
        null,
        1,
        1,
        1,
        1,
        null,
        null,
        null
      ]
    },
    "timestamp": 1424539091
  }
}
